<?xml version="1.0" encoding="UTF-8"?>
<!-- Generated by org.testng.reporters.JUnitReportReporter -->
<testsuite hostname="Kashs-MacBook-Air.local" failures="0" tests="6" name="seleniumScripts.AmazonFeatureTests" time="23.537" errors="0" timestamp="2022-07-12T17:45:31 EDT" skipped="1">
  <testcase classname="seleniumScripts.AmazonFeatureTests" name="verifyTitleOfThePage" time="1.918"/>
  <system-out/>
  <testcase classname="seleniumScripts.AmazonFeatureTests" name="searchProduct" time="18.143"/>
  <system-out/>
  <testcase classname="seleniumScripts.AmazonFeatureTests" name="getNthProduct" time="0.312"/>
  <system-out/>
  <testcase classname="seleniumScripts.AmazonFeatureTests" name="getAllProducts" time="1.677"/>
  <system-out/>
  <testcase classname="seleniumScripts.AmazonFeatureTests" name="getAllProductsViaScrollDownUsingJS" time="1.487"/>
  <system-out/>
  <testcase classname="seleniumScripts.AmazonFeatureTests" name="searchAllProductsViaScrollDown">
    <skipped/>
  </testcase> <!-- searchAllProductsViaScrollDown -->
  <system-out/>
</testsuite> <!-- seleniumScripts.AmazonFeatureTests -->
